#
# A fatal error has been detected by the Java Runtime Environment:
#
#  EXCEPTION_ACCESS_VIOLATION (0xc0000005) at pc=0x00000185a07b872b, pid=4024, tid=1476
#
# JRE version: OpenJDK Runtime Environment (15.0.2+7) (build 15.0.2+7-27)
# Java VM: OpenJDK 64-Bit Server VM (15.0.2+7-27, mixed mode, tiered, compressed oops, g1 gc, windows-amd64)
# Problematic frame:
# j  com.ujianbatch8.ahmadyakup.MenggambarDenganJava.main([Ljava/lang/String;)V+91
#
# No core dump will be written. Minidumps are not enabled by default on client versions of Windows
#
# If you would like to submit a bug report, please visit:
#   https://bugreport.java.com/bugreport/crash.jsp
#

---------------  S U M M A R Y ------------

Command Line: -XX:+ShowCodeDetailsInExceptionMessages -agentlib:jdwp=transport=dt_socket,suspend=y,address=localhost:53384 -javaagent:C:\Users\AHMAD YAKUP\eclipse\jee-2020-12\eclipse\configuration\org.eclipse.osgi\405\0\.cp\lib\javaagent-shaded.jar -Dfile.encoding=Cp1252 com.ujianbatch8.ahmadyakup.MenggambarDenganJava

Host: Intel(R) Core(TM) i7-4720HQ CPU @ 2.60GHz, 8 cores, 7G,  Windows 10 , 64 bit Build 19041 (10.0.19041.804)
Time: Fri Mar 12 15:19:57 2021 SE Asia Standard Time elapsed time: 172.002416 seconds (0d 0h 2m 52s)

---------------  T H R E A D  ---------------

Current thread (0x000001859b5a8ad0):  JavaThread "main" [_thread_in_Java, id=1476, stack(0x000000187f900000,0x000000187fa00000)]

Stack: [0x000000187f900000,0x000000187fa00000],  sp=0x000000187f9ff560,  free space=1021k
Native frames: (J=compiled Java code, j=interpreted, Vv=VM code, C=native code)
C  0x00000185a07b872b


siginfo: EXCEPTION_ACCESS_VIOLATION (0xc0000005), reading address 0x00000185b8f9d6d8


Register to memory mapping:

RIP=0x00000185a07b872b is at code_begin+75 in an Interpreter codelet
getstatic  178 getstatic  [0x00000185a07b86e0, 0x00000185a07b8b80]  1184 bytes
RAX=0x0 is NULL
RBX=0x00000000000000b2 is an unknown value
RCX=0x00000185b8e09658 is pointing into metadata
RDX=0x000000000003280c is an unknown value
RSP=0x000000187f9ff560 is pointing into the stack for thread: 0x000001859b5a8ad0
RBP=0x000000187f9ff5a8 is pointing into the stack for thread: 0x000001859b5a8ad0
RSI=0x0 is NULL
RDI=0x00000185a079cd39 is at code_begin+7545 in an Interpreter codelet
invoke return entry points  [0x00000185a079afc0, 0x00000185a079d060]  8352 bytes
R8 =0x0000000000000002 is an unknown value
R9 =0x0000000000000002 is an unknown value
R10=0x00007ffa8b388a10 jvm.dll
R11={method} {0x00000185b8e095c8} 'main' '([Ljava/lang/String;)V' in 'com/ujianbatch8/ahmadyakup/MenggambarDenganJava'
R12=0x0 is NULL
R13=0x00000185b8e0953b is pointing into metadata
R14=0x000000187f9ff5e0 is pointing into the stack for thread: 0x000001859b5a8ad0
R15=0x000001859b5a8ad0 is a thread


Registers:
RAX=0x0000000000000000, RBX=0x00000000000000b2, RCX=0x00000185b8e09658, RDX=0x000000000003280c
RSP=0x000000187f9ff560, RBP=0x000000187f9ff5a8, RSI=0x0000000000000000, RDI=0x00000185a079cd39
R8 =0x0000000000000002, R9 =0x0000000000000002, R10=0x00007ffa8b388a10, R11=0x00000185b8e095c0
R12=0x0000000000000000, R13=0x00000185b8e0953b, R14=0x000000187f9ff5e0, R15=0x000001859b5a8ad0
RIP=0x00000185a07b872b, EFLAGS=0x0000000000010206

Top of Stack: (sp=0x000000187f9ff560)
0x000000187f9ff560:   000000187f9ff560 00000185b8e0953b
0x000000187f9ff570:   000000187f9ff5e0 00000185b8e09658
0x000000187f9ff580:   0000000000000000 000000008ffeb4d8
0x000000187f9ff590:   00000185b8e095c0 0000000000000000
0x000000187f9ff5a0:   000000187f9ff5e0 000000187f9ff7c0
0x000000187f9ff5b0:   00000185a0790f90 0000000000000002
0x000000187f9ff5c0:   0000000000000000 0000000000000001
0x000000187f9ff5d0:   0000000000000005 000000008fe108d0
0x000000187f9ff5e0:   000000008ffeb7d0 0000018500000000
0x000000187f9ff5f0:   0000000000000040 0000000000000000
0x000000187f9ff600:   000000187f9ff730 00007ffa8ab5b0e2
0x000000187f9ff610:   0000000200000000 0000000002000002
0x000000187f9ff620:   000000008ff1e8d0 00007ffa8afcbe5b
0x000000187f9ff630:   0000000000000000 0000000000000000
0x000000187f9ff640:   0000000000000000 00007ffa8ab5b0e2
0x000000187f9ff650:   00000000000001a0 0000000000000000 

Instructions: (pc=0x00000185a07b872b)
0x00000185a07b862b:   fa 7f 00 00 41 ff d2 48 83 c4 20 ff e0 49 81 7f
0x00000185a07b863b:   08 00 00 00 00 0f 84 05 00 00 00 e9 35 88 fd ff
0x00000185a07b864b:   4c 8b 6d c0 4c 8b 75 c8 c3 49 ba 68 31 35 8b fa
0x00000185a07b865b:   7f 00 00 41 80 3a 00 0f 84 42 00 00 00 48 8b 55
0x00000185a07b866b:   e8 49 8b cf 48 83 ec 20 f7 c4 0f 00 00 00 0f 84
0x00000185a07b867b:   1a 00 00 00 48 83 ec 08 49 ba 50 0c f6 8a fa 7f
0x00000185a07b868b:   00 00 41 ff d2 48 83 c4 08 e9 0d 00 00 00 49 ba
0x00000185a07b869b:   50 0c f6 8a fa 7f 00 00 41 ff d2 48 83 c4 20 48
0x00000185a07b86ab:   8b 5d f8 c9 41 5d 48 8b e3 41 ff e5 90 00 00 00
0x00000185a07b86bb:   00 00 00 00 00 c0 04 00 00 00 00 00 00 90 2e 12
0x00000185a07b86cb:   8b fa 7f 00 00 b2 00 00 00 00 00 00 00 00 00 00
0x00000185a07b86db:   00 00 00 00 00 50 e9 39 00 00 00 48 83 ec 08 c5
0x00000185a07b86eb:   fa 11 04 24 e9 2b 00 00 00 48 83 ec 10 c5 fb 11
0x00000185a07b86fb:   04 24 e9 1d 00 00 00 48 83 ec 10 48 89 04 24 49
0x00000185a07b870b:   ba 00 00 00 00 00 00 00 00 4c 89 54 24 08 e9 01
0x00000185a07b871b:   00 00 00 50 41 0f b7 55 01 48 8b 4d d0 c1 e2 02
0x00000185a07b872b:   8b 5c d1 20 c1 eb 10 81 e3 ff 00 00 00 81 fb b2
0x00000185a07b873b:   00 00 00 0f 84 8a 01 00 00 bb b2 00 00 00 e8 05
0x00000185a07b874b:   00 00 00 e9 6f 01 00 00 48 8b d3 48 8d 44 24 08
0x00000185a07b875b:   4c 89 6d c0 49 8b cf c5 f8 77 49 89 af 18 03 00
0x00000185a07b876b:   00 49 89 87 08 03 00 00 48 83 ec 20 f7 c4 0f 00
0x00000185a07b877b:   00 00 0f 84 1a 00 00 00 48 83 ec 08 49 ba 10 cb
0x00000185a07b878b:   c1 8a fa 7f 00 00 41 ff d2 48 83 c4 08 e9 0d 00
0x00000185a07b879b:   00 00 49 ba 10 cb c1 8a fa 7f 00 00 41 ff d2 48
0x00000185a07b87ab:   83 c4 20 49 ba 00 00 00 00 00 00 00 00 4d 89 97
0x00000185a07b87bb:   08 03 00 00 49 ba 00 00 00 00 00 00 00 00 4d 89
0x00000185a07b87cb:   97 18 03 00 00 49 ba 00 00 00 00 00 00 00 00 4d
0x00000185a07b87db:   89 97 10 03 00 00 c5 f8 77 41 8b 8f 2c 04 00 00
0x00000185a07b87eb:   f7 c1 01 00 00 00 0f 84 49 00 00 00 f7 c1 02 00
0x00000185a07b87fb:   00 00 0f 85 3d 00 00 00 48 83 ec 20 f7 c4 0f 00
0x00000185a07b880b:   00 00 0f 84 1a 00 00 00 48 83 ec 08 49 ba 90 68
0x00000185a07b881b:   c1 8a fa 7f 00 00 41 ff d2 48 83 c4 08 e9 0d 00 


Stack slot to memory mapping:
stack at sp + 0 slots: 0x000000187f9ff560 is pointing into the stack for thread: 0x000001859b5a8ad0
stack at sp + 1 slots: 0x00000185b8e0953b is pointing into metadata
stack at sp + 2 slots: 0x000000187f9ff5e0 is pointing into the stack for thread: 0x000001859b5a8ad0
stack at sp + 3 slots: 0x00000185b8e09658 is pointing into metadata
stack at sp + 4 slots: 0x0 is NULL
stack at sp + 5 slots: 0x000000008ffeb4d8 is an oop: java.lang.Class 
{0x000000008ffeb4d8} - klass: 'java/lang/Class'
stack at sp + 6 slots: {method} {0x00000185b8e095c8} 'main' '([Ljava/lang/String;)V' in 'com/ujianbatch8/ahmadyakup/MenggambarDenganJava'
stack at sp + 7 slots: 0x0 is NULL

getstatic  178 getstatic  [0x00000185a07b86e0, 0x00000185a07b8b80]  1184 bytes
[MachCode]
  0x00000185a07b86e0: 50e9 3900 | 0000 4883 | ec08 c5fa | 1104 24e9 | 2b00 0000 | 4883 ec10 | c5fb 1104 | 24e9 1d00 
  0x00000185a07b8700: 0000 4883 | ec10 4889 | 0424 49ba | 0000 0000 | 0000 0000 | 4c89 5424 | 08e9 0100 | 0000 5041 
  0x00000185a07b8720: 0fb7 5501 | 488b 4dd0 | c1e2 028b | 5cd1 20c1 | eb10 81e3 | ff00 0000 | 81fb b200 | 0000 0f84 
  0x00000185a07b8740: 8a01 0000 | bbb2 0000 | 00e8 0500 | 0000 e96f | 0100 0048 | 8bd3 488d | 4424 084c | 896d c049 
  0x00000185a07b8760: 8bcf c5f8 | 7749 89af | 1803 0000 | 4989 8708 | 0300 0048 | 83ec 20f7 | c40f 0000 | 000f 841a 
  0x00000185a07b8780: 0000 0048 | 83ec 0849 | ba10 cbc1 | 8afa 7f00 | 0041 ffd2 | 4883 c408 | e90d 0000 | 0049 ba10 
  0x00000185a07b87a0: cbc1 8afa | 7f00 0041 | ffd2 4883 | c420 49ba | 0000 0000 | 0000 0000 | 4d89 9708 | 0300 0049 
  0x00000185a07b87c0: ba00 0000 | 0000 0000 | 004d 8997 | 1803 0000 | 49ba 0000 | 0000 0000 | 0000 4d89 | 9710 0300 
  0x00000185a07b87e0: 00c5 f877 | 418b 8f2c | 0400 00f7 | c101 0000 | 000f 8449 | 0000 00f7 | c102 0000 | 000f 853d 
  0x00000185a07b8800: 0000 0048 | 83ec 20f7 | c40f 0000 | 000f 841a | 0000 0048 | 83ec 0849 | ba90 68c1 | 8afa 7f00 
  0x00000185a07b8820: 0041 ffd2 | 4883 c408 | e90d 0000 | 0049 ba90 | 68c1 8afa | 7f00 0041 | ffd2 4883 | c420 ffe0 
  0x00000185a07b8840: 498b 8f80 | 0400 0048 | 85c9 0f84 | 5600 0000 | 8b49 7c83 | f901 0f85 | 4a00 0000 | 498b 8f80 
  0x00000185a07b8860: 0400 008b | 8980 0000 | 0048 83ec | 20f7 c40f | 0000 000f | 841a 0000 | 0048 83ec | 0849 ba80 
  0x00000185a07b8880: 68c1 8afa | 7f00 0041 | ffd2 4883 | c408 e90d | 0000 0049 | ba80 68c1 | 8afa 7f00 | 0041 ffd2 
  0x00000185a07b88a0: 4883 c420 | ffe0 4981 | 7f08 0000 | 0000 0f84 | 0500 0000 | e9c7 85fd | ff4c 8b6d | c04c 8b75 
  0x00000185a07b88c0: c8c3 410f | b755 0148 | 8b4d d0c1 | e202 49ba | 8076 358b | fa7f 0000 | 418b 0285 | c00f 8495 
  0x00000185a07b88e0: 0100 0048 | 83c1 20c1 | e203 4803 | ca48 33c0 | e805 0000 | 00e9 7201 | 0000 4c8b | c148 8bd0 
  0x00000185a07b8900: 488d 4424 | 084c 896d | c049 8bcf | c5f8 7749 | 89af 1803 | 0000 4989 | 8708 0300 | 0048 83ec 
  0x00000185a07b8920: 20f7 c40f | 0000 000f | 841a 0000 | 0048 83ec | 0849 bac0 | bdc1 8afa | 7f00 0041 | ffd2 4883 
  0x00000185a07b8940: c408 e90d | 0000 0049 | bac0 bdc1 | 8afa 7f00 | 0041 ffd2 | 4883 c420 | 49ba 0000 | 0000 0000 
  0x00000185a07b8960: 0000 4d89 | 9708 0300 | 0049 ba00 | 0000 0000 | 0000 004d | 8997 1803 | 0000 49ba | 0000 0000 
  0x00000185a07b8980: 0000 0000 | 4d89 9710 | 0300 00c5 | f877 418b | 8f2c 0400 | 00f7 c101 | 0000 000f | 8449 0000 
  0x00000185a07b89a0: 00f7 c102 | 0000 000f | 853d 0000 | 0048 83ec | 20f7 c40f | 0000 000f | 841a 0000 | 0048 83ec 
  0x00000185a07b89c0: 0849 ba90 | 68c1 8afa | 7f00 0041 | ffd2 4883 | c408 e90d | 0000 0049 | ba90 68c1 | 8afa 7f00 
  0x00000185a07b89e0: 0041 ffd2 | 4883 c420 | ffe0 498b | 8f80 0400 | 0048 85c9 | 0f84 5600 | 0000 8b49 | 7c83 f901 
  0x00000185a07b8a00: 0f85 4a00 | 0000 498b | 8f80 0400 | 008b 8980 | 0000 0048 | 83ec 20f7 | c40f 0000 | 000f 841a 
  0x00000185a07b8a20: 0000 0048 | 83ec 0849 | ba80 68c1 | 8afa 7f00 | 0041 ffd2 | 4883 c408 | e90d 0000 | 0049 ba80 
  0x00000185a07b8a40: 68c1 8afa | 7f00 0041 | ffd2 4883 | c420 ffe0 | 4981 7f08 | 0000 0000 | 0f84 0500 | 0000 e91d 
  0x00000185a07b8a60: 84fd ff4c | 8b6d c04c | 8b75 c8c3 | 410f b755 | 0148 8b4d | d0c1 e202 | 488b 5cd1 | 308b 44d1 
  0x00000185a07b8a80: 384c 8b4c | d128 4d8b | 4970 4d8b | 09c1 e81c | 83e0 0f0f | 850b 0000 | 0041 0fbe | 0419 50e9 
  0x00000185a07b8aa0: b700 0000 | 83f8 010f | 850b 0000 | 0041 0fb6 | 0419 50e9 | a300 0000 | 83f8 080f | 850a 0000 
  0x00000185a07b8ac0: 0041 8b04 | 1950 e990 | 0000 0083 | f804 0f85 | 0a00 0000 | 418b 0419 | 50e9 7d00 | 0000 83f8 
  0x00000185a07b8ae0: 020f 850b | 0000 0041 | 0fb7 0419 | 50e9 6900 | 0000 83f8 | 030f 850b | 0000 0041 | 0fbf 0419 
  0x00000185a07b8b00: 50e9 5500 | 0000 83f8 | 050f 8520 | 0000 0049 | 8b04 1948 | 83ec 1048 | 8904 2449 | ba00 0000 
  0x00000185a07b8b20: 0000 0000 | 004c 8954 | 2408 e92c | 0000 0083 | f806 0f85 | 1400 0000 | c4c1 7a10 | 0419 4883 
  0x00000185a07b8b40: ec08 c5fa | 1104 24e9 | 0f00 0000 | c4c1 7b10 | 0419 4883 | ec10 c5fb | 1104 2441 | 0fb6 5d03 
  0x00000185a07b8b60: 4983 c503 | 49ba 103a | 388b fa7f | 0000 41ff | 24da 660f | 1f44 0000 | 0000 0000 | 0000 0000 
[/MachCode]

---------------  P R O C E S S  ---------------

Threads class SMR info:
_java_thread_list=0x00000185b85bb130, length=14, elements={
0x000001859b5a8ad0, 0x00000185b73e6040, 0x00000185b73e91a0, 0x00000185b7c0d290,
0x00000185b7c0db50, 0x00000185b7c0f440, 0x00000185b7c4acb0, 0x00000185b7c4bd50,
0x00000185b7c615d0, 0x00000185b7d42550, 0x00000185b7ed8820, 0x00000185b7f4c1e0,
0x00000185b7eb66e0, 0x00000185b8614920
}

Java Threads: ( => current thread )
=>0x000001859b5a8ad0 JavaThread "main" [_thread_in_Java, id=1476, stack(0x000000187f900000,0x000000187fa00000)]
  0x00000185b73e6040 JavaThread "Reference Handler" daemon [_thread_blocked, id=11564, stack(0x0000001800000000,0x0000001800100000)]
  0x00000185b73e91a0 JavaThread "Finalizer" daemon [_thread_blocked, id=10308, stack(0x0000001800100000,0x0000001800200000)]
  0x00000185b7c0d290 JavaThread "Signal Dispatcher" daemon [_thread_blocked, id=9896, stack(0x0000001800200000,0x0000001800300000)]
  0x00000185b7c0db50 JavaThread "Attach Listener" daemon [_thread_blocked, id=1964, stack(0x0000001800300000,0x0000001800400000)]
  0x00000185b7c0f440 JavaThread "Service Thread" daemon [_thread_blocked, id=7596, stack(0x0000001800400000,0x0000001800500000)]
  0x00000185b7c4acb0 JavaThread "C2 CompilerThread0" daemon [_thread_blocked, id=12056, stack(0x0000001800500000,0x0000001800600000)]
  0x00000185b7c4bd50 JavaThread "C1 CompilerThread0" daemon [_thread_blocked, id=2520, stack(0x0000001800600000,0x0000001800700000)]
  0x00000185b7c615d0 JavaThread "Sweeper thread" daemon [_thread_blocked, id=9572, stack(0x0000001800700000,0x0000001800800000)]
  0x00000185b7d42550 JavaThread "Common-Cleaner" daemon [_thread_blocked, id=7820, stack(0x0000001800800000,0x0000001800900000)]
  0x00000185b7ed8820 JavaThread "JDWP Transport Listener: dt_socket" daemon [_thread_blocked, id=6652, stack(0x0000001800a00000,0x0000001800b00000)]
  0x00000185b7f4c1e0 JavaThread "JDWP Event Helper Thread" daemon [_thread_blocked, id=5548, stack(0x0000001800b00000,0x0000001800c00000)]
  0x00000185b7eb66e0 JavaThread "JDWP Command Reader" daemon [_thread_in_native, id=12016, stack(0x0000001800c00000,0x0000001800d00000)]
  0x00000185b8614920 JavaThread "Notification Thread" daemon [_thread_blocked, id=4416, stack(0x0000001800900000,0x0000001800a00000)]

Other Threads:
  0x00000185b7bfd0b0 VMThread "VM Thread" [stack: 0x000000187ff00000,0x0000001880000000] [id=1944]
  0x000001859b5a9b60 WatcherThread [stack: 0x0000001800d00000,0x0000001800e00000] [id=11288]
  0x000001859b5e3510 GCTaskThread "GC Thread#0" [stack: 0x000000187fa00000,0x000000187fb00000] [id=3020]
  0x000001859b5f4c90 ConcurrentGCThread "G1 Main Marker" [stack: 0x000000187fb00000,0x000000187fc00000] [id=8124]
  0x000001859b5f5880 ConcurrentGCThread "G1 Conc#0" [stack: 0x000000187fc00000,0x000000187fd00000] [id=2424]
  0x00000185b72120b0 ConcurrentGCThread "G1 Refine#0" [stack: 0x000000187fd00000,0x000000187fe00000] [id=4456]
  0x00000185b72129f0 ConcurrentGCThread "G1 Young RemSet Sampling" [stack: 0x000000187fe00000,0x000000187ff00000] [id=11956]

Threads with active compile tasks:

VM state: not at safepoint (normal execution)

VM Mutex/Monitor currently owned by a thread: None

Heap address: 0x0000000088c00000, size: 1908 MB, Compressed Oops mode: 32-bit
CDS disabled.
Compressed class space mapped at: 0x0000000100000000-0x0000000140000000, size: 1073741824
Narrow klass base: 0x0000000000000000, Narrow klass shift: 3, Narrow klass range: 0x140000000

GC Precious Log:
 CPUs: 8 total, 8 available
 Memory: 7625M
 Large Page Support: Disabled
 NUMA Support: Disabled
 Compressed Oops: Enabled (32-bit)
 Heap Region Size: 1M
 Heap Min Capacity: 8M
 Heap Initial Capacity: 120M
 Heap Max Capacity: 1908M
 Pre-touch: Disabled
 Parallel Workers: 8
 Concurrent Workers: 2
 Concurrent Refinement Workers: 8
 Periodic GC: Disabled

Heap:
 garbage-first heap   total 122880K, used 6144K [0x0000000088c00000, 0x0000000100000000)
  region size 1024K, 7 young (7168K), 0 survivors (0K)
 Metaspace       used 10231K, capacity 10318K, committed 10496K, reserved 1058816K
  class space    used 880K, capacity 921K, committed 1024K, reserved 1048576K

Heap Regions: E=young(eden), S=young(survivor), O=old, HS=humongous(starts), HC=humongous(continues), CS=collection set, F=free, OA=open archive, CA=closed archive, TAMS=top-at-mark-start (previous, next)
|   0|0x0000000088c00000, 0x0000000088c00000, 0x0000000088d00000|  0%| F|  |TAMS 0x0000000088c00000, 0x0000000088c00000| Untracked 
|   1|0x0000000088d00000, 0x0000000088d00000, 0x0000000088e00000|  0%| F|  |TAMS 0x0000000088d00000, 0x0000000088d00000| Untracked 
|   2|0x0000000088e00000, 0x0000000088e00000, 0x0000000088f00000|  0%| F|  |TAMS 0x0000000088e00000, 0x0000000088e00000| Untracked 
|   3|0x0000000088f00000, 0x0000000088f00000, 0x0000000089000000|  0%| F|  |TAMS 0x0000000088f00000, 0x0000000088f00000| Untracked 
|   4|0x0000000089000000, 0x0000000089000000, 0x0000000089100000|  0%| F|  |TAMS 0x0000000089000000, 0x0000000089000000| Untracked 
|   5|0x0000000089100000, 0x0000000089100000, 0x0000000089200000|  0%| F|  |TAMS 0x0000000089100000, 0x0000000089100000| Untracked 
|   6|0x0000000089200000, 0x0000000089200000, 0x0000000089300000|  0%| F|  |TAMS 0x0000000089200000, 0x0000000089200000| Untracked 
|   7|0x0000000089300000, 0x0000000089300000, 0x0000000089400000|  0%| F|  |TAMS 0x0000000089300000, 0x0000000089300000| Untracked 
|   8|0x0000000089400000, 0x0000000089400000, 0x0000000089500000|  0%| F|  |TAMS 0x0000000089400000, 0x0000000089400000| Untracked 
|   9|0x0000000089500000, 0x0000000089500000, 0x0000000089600000|  0%| F|  |TAMS 0x0000000089500000, 0x0000000089500000| Untracked 
|  10|0x0000000089600000, 0x0000000089600000, 0x0000000089700000|  0%| F|  |TAMS 0x0000000089600000, 0x0000000089600000| Untracked 
|  11|0x0000000089700000, 0x0000000089700000, 0x0000000089800000|  0%| F|  |TAMS 0x0000000089700000, 0x0000000089700000| Untracked 
|  12|0x0000000089800000, 0x0000000089800000, 0x0000000089900000|  0%| F|  |TAMS 0x0000000089800000, 0x0000000089800000| Untracked 
|  13|0x0000000089900000, 0x0000000089900000, 0x0000000089a00000|  0%| F|  |TAMS 0x0000000089900000, 0x0000000089900000| Untracked 
|  14|0x0000000089a00000, 0x0000000089a00000, 0x0000000089b00000|  0%| F|  |TAMS 0x0000000089a00000, 0x0000000089a00000| Untracked 
|  15|0x0000000089b00000, 0x0000000089b00000, 0x0000000089c00000|  0%| F|  |TAMS 0x0000000089b00000, 0x0000000089b00000| Untracked 
|  16|0x0000000089c00000, 0x0000000089c00000, 0x0000000089d00000|  0%| F|  |TAMS 0x0000000089c00000, 0x0000000089c00000| Untracked 
|  17|0x0000000089d00000, 0x0000000089d00000, 0x0000000089e00000|  0%| F|  |TAMS 0x0000000089d00000, 0x0000000089d00000| Untracked 
|  18|0x0000000089e00000, 0x0000000089e00000, 0x0000000089f00000|  0%| F|  |TAMS 0x0000000089e00000, 0x0000000089e00000| Untracked 
|  19|0x0000000089f00000, 0x0000000089f00000, 0x000000008a000000|  0%| F|  |TAMS 0x0000000089f00000, 0x0000000089f00000| Untracked 
|  20|0x000000008a000000, 0x000000008a000000, 0x000000008a100000|  0%| F|  |TAMS 0x000000008a000000, 0x000000008a000000| Untracked 
|  21|0x000000008a100000, 0x000000008a100000, 0x000000008a200000|  0%| F|  |TAMS 0x000000008a100000, 0x000000008a100000| Untracked 
|  22|0x000000008a200000, 0x000000008a200000, 0x000000008a300000|  0%| F|  |TAMS 0x000000008a200000, 0x000000008a200000| Untracked 
|  23|0x000000008a300000, 0x000000008a300000, 0x000000008a400000|  0%| F|  |TAMS 0x000000008a300000, 0x000000008a300000| Untracked 
|  24|0x000000008a400000, 0x000000008a400000, 0x000000008a500000|  0%| F|  |TAMS 0x000000008a400000, 0x000000008a400000| Untracked 
|  25|0x000000008a500000, 0x000000008a500000, 0x000000008a600000|  0%| F|  |TAMS 0x000000008a500000, 0x000000008a500000| Untracked 
|  26|0x000000008a600000, 0x000000008a600000, 0x000000008a700000|  0%| F|  |TAMS 0x000000008a600000, 0x000000008a600000| Untracked 
|  27|0x000000008a700000, 0x000000008a700000, 0x000000008a800000|  0%| F|  |TAMS 0x000000008a700000, 0x000000008a700000| Untracked 
|  28|0x000000008a800000, 0x000000008a800000, 0x000000008a900000|  0%| F|  |TAMS 0x000000008a800000, 0x000000008a800000| Untracked 
|  29|0x000000008a900000, 0x000000008a900000, 0x000000008aa00000|  0%| F|  |TAMS 0x000000008a900000, 0x000000008a900000| Untracked 
|  30|0x000000008aa00000, 0x000000008aa00000, 0x000000008ab00000|  0%| F|  |TAMS 0x000000008aa00000, 0x000000008aa00000| Untracked 
|  31|0x000000008ab00000, 0x000000008ab00000, 0x000000008ac00000|  0%| F|  |TAMS 0x000000008ab00000, 0x000000008ab00000| Untracked 
|  32|0x000000008ac00000, 0x000000008ac00000, 0x000000008ad00000|  0%| F|  |TAMS 0x000000008ac00000, 0x000000008ac00000| Untracked 
|  33|0x000000008ad00000, 0x000000008ad00000, 0x000000008ae00000|  0%| F|  |TAMS 0x000000008ad00000, 0x000000008ad00000| Untracked 
|  34|0x000000008ae00000, 0x000000008ae00000, 0x000000008af00000|  0%| F|  |TAMS 0x000000008ae00000, 0x000000008ae00000| Untracked 
|  35|0x000000008af00000, 0x000000008af00000, 0x000000008b000000|  0%| F|  |TAMS 0x000000008af00000, 0x000000008af00000| Untracked 
|  36|0x000000008b000000, 0x000000008b000000, 0x000000008b100000|  0%| F|  |TAMS 0x000000008b000000, 0x000000008b000000| Untracked 
|  37|0x000000008b100000, 0x000000008b100000, 0x000000008b200000|  0%| F|  |TAMS 0x000000008b100000, 0x000000008b100000| Untracked 
|  38|0x000000008b200000, 0x000000008b200000, 0x000000008b300000|  0%| F|  |TAMS 0x000000008b200000, 0x000000008b200000| Untracked 
|  39|0x000000008b300000, 0x000000008b300000, 0x000000008b400000|  0%| F|  |TAMS 0x000000008b300000, 0x000000008b300000| Untracked 
|  40|0x000000008b400000, 0x000000008b400000, 0x000000008b500000|  0%| F|  |TAMS 0x000000008b400000, 0x000000008b400000| Untracked 
|  41|0x000000008b500000, 0x000000008b500000, 0x000000008b600000|  0%| F|  |TAMS 0x000000008b500000, 0x000000008b500000| Untracked 
|  42|0x000000008b600000, 0x000000008b600000, 0x000000008b700000|  0%| F|  |TAMS 0x000000008b600000, 0x000000008b600000| Untracked 
|  43|0x000000008b700000, 0x000000008b700000, 0x000000008b800000|  0%| F|  |TAMS 0x000000008b700000, 0x000000008b700000| Untracked 
|  44|0x000000008b800000, 0x000000008b800000, 0x000000008b900000|  0%| F|  |TAMS 0x000000008b800000, 0x000000008b800000| Untracked 
|  45|0x000000008b900000, 0x000000008b900000, 0x000000008ba00000|  0%| F|  |TAMS 0x000000008b900000, 0x000000008b900000| Untracked 
|  46|0x000000008ba00000, 0x000000008ba00000, 0x000000008bb00000|  0%| F|  |TAMS 0x000000008ba00000, 0x000000008ba00000| Untracked 
|  47|0x000000008bb00000, 0x000000008bb00000, 0x000000008bc00000|  0%| F|  |TAMS 0x000000008bb00000, 0x000000008bb00000| Untracked 
|  48|0x000000008bc00000, 0x000000008bc00000, 0x000000008bd00000|  0%| F|  |TAMS 0x000000008bc00000, 0x000000008bc00000| Untracked 
|  49|0x000000008bd00000, 0x000000008bd00000, 0x000000008be00000|  0%| F|  |TAMS 0x000000008bd00000, 0x000000008bd00000| Untracked 
|  50|0x000000008be00000, 0x000000008be00000, 0x000000008bf00000|  0%| F|  |TAMS 0x000000008be00000, 0x000000008be00000| Untracked 
|  51|0x000000008bf00000, 0x000000008bf00000, 0x000000008c000000|  0%| F|  |TAMS 0x000000008bf00000, 0x000000008bf00000| Untracked 
|  52|0x000000008c000000, 0x000000008c000000, 0x000000008c100000|  0%| F|  |TAMS 0x000000008c000000, 0x000000008c000000| Untracked 
|  53|0x000000008c100000, 0x000000008c100000, 0x000000008c200000|  0%| F|  |TAMS 0x000000008c100000, 0x000000008c100000| Untracked 
|  54|0x000000008c200000, 0x000000008c200000, 0x000000008c300000|  0%| F|  |TAMS 0x000000008c200000, 0x000000008c200000| Untracked 
|  55|0x000000008c300000, 0x000000008c300000, 0x000000008c400000|  0%| F|  |TAMS 0x000000008c300000, 0x000000008c300000| Untracked 
|  56|0x000000008c400000, 0x000000008c400000, 0x000000008c500000|  0%| F|  |TAMS 0x000000008c400000, 0x000000008c400000| Untracked 
|  57|0x000000008c500000, 0x000000008c500000, 0x000000008c600000|  0%| F|  |TAMS 0x000000008c500000, 0x000000008c500000| Untracked 
|  58|0x000000008c600000, 0x000000008c600000, 0x000000008c700000|  0%| F|  |TAMS 0x000000008c600000, 0x000000008c600000| Untracked 
|  59|0x000000008c700000, 0x000000008c700000, 0x000000008c800000|  0%| F|  |TAMS 0x000000008c700000, 0x000000008c700000| Untracked 
|  60|0x000000008c800000, 0x000000008c800000, 0x000000008c900000|  0%| F|  |TAMS 0x000000008c800000, 0x000000008c800000| Untracked 
|  61|0x000000008c900000, 0x000000008c900000, 0x000000008ca00000|  0%| F|  |TAMS 0x000000008c900000, 0x000000008c900000| Untracked 
|  62|0x000000008ca00000, 0x000000008ca00000, 0x000000008cb00000|  0%| F|  |TAMS 0x000000008ca00000, 0x000000008ca00000| Untracked 
|  63|0x000000008cb00000, 0x000000008cb00000, 0x000000008cc00000|  0%| F|  |TAMS 0x000000008cb00000, 0x000000008cb00000| Untracked 
|  64|0x000000008cc00000, 0x000000008cc00000, 0x000000008cd00000|  0%| F|  |TAMS 0x000000008cc00000, 0x000000008cc00000| Untracked 
|  65|0x000000008cd00000, 0x000000008cd00000, 0x000000008ce00000|  0%| F|  |TAMS 0x000000008cd00000, 0x000000008cd00000| Untracked 
|  66|0x000000008ce00000, 0x000000008ce00000, 0x000000008cf00000|  0%| F|  |TAMS 0x000000008ce00000, 0x000000008ce00000| Untracked 
|  67|0x000000008cf00000, 0x000000008cf00000, 0x000000008d000000|  0%| F|  |TAMS 0x000000008cf00000, 0x000000008cf00000| Untracked 
|  68|0x000000008d000000, 0x000000008d000000, 0x000000008d100000|  0%| F|  |TAMS 0x000000008d000000, 0x000000008d000000| Untracked 
|  69|0x000000008d100000, 0x000000008d100000, 0x000000008d200000|  0%| F|  |TAMS 0x000000008d100000, 0x000000008d100000| Untracked 
|  70|0x000000008d200000, 0x000000008d200000, 0x000000008d300000|  0%| F|  |TAMS 0x000000008d200000, 0x000000008d200000| Untracked 
|  71|0x000000008d300000, 0x000000008d300000, 0x000000008d400000|  0%| F|  |TAMS 0x000000008d300000, 0x000000008d300000| Untracked 
|  72|0x000000008d400000, 0x000000008d400000, 0x000000008d500000|  0%| F|  |TAMS 0x000000008d400000, 0x000000008d400000| Untracked 
|  73|0x000000008d500000, 0x000000008d500000, 0x000000008d600000|  0%| F|  |TAMS 0x000000008d500000, 0x000000008d500000| Untracked 
|  74|0x000000008d600000, 0x000000008d600000, 0x000000008d700000|  0%| F|  |TAMS 0x000000008d600000, 0x000000008d600000| Untracked 
|  75|0x000000008d700000, 0x000000008d700000, 0x000000008d800000|  0%| F|  |TAMS 0x000000008d700000, 0x000000008d700000| Untracked 
|  76|0x000000008d800000, 0x000000008d800000, 0x000000008d900000|  0%| F|  |TAMS 0x000000008d800000, 0x000000008d800000| Untracked 
|  77|0x000000008d900000, 0x000000008d900000, 0x000000008da00000|  0%| F|  |TAMS 0x000000008d900000, 0x000000008d900000| Untracked 
|  78|0x000000008da00000, 0x000000008da00000, 0x000000008db00000|  0%| F|  |TAMS 0x000000008da00000, 0x000000008da00000| Untracked 
|  79|0x000000008db00000, 0x000000008db00000, 0x000000008dc00000|  0%| F|  |TAMS 0x000000008db00000, 0x000000008db00000| Untracked 
|  80|0x000000008dc00000, 0x000000008dc00000, 0x000000008dd00000|  0%| F|  |TAMS 0x000000008dc00000, 0x000000008dc00000| Untracked 
|  81|0x000000008dd00000, 0x000000008dd00000, 0x000000008de00000|  0%| F|  |TAMS 0x000000008dd00000, 0x000000008dd00000| Untracked 
|  82|0x000000008de00000, 0x000000008de00000, 0x000000008df00000|  0%| F|  |TAMS 0x000000008de00000, 0x000000008de00000| Untracked 
|  83|0x000000008df00000, 0x000000008df00000, 0x000000008e000000|  0%| F|  |TAMS 0x000000008df00000, 0x000000008df00000| Untracked 
|  84|0x000000008e000000, 0x000000008e000000, 0x000000008e100000|  0%| F|  |TAMS 0x000000008e000000, 0x000000008e000000| Untracked 
|  85|0x000000008e100000, 0x000000008e100000, 0x000000008e200000|  0%| F|  |TAMS 0x000000008e100000, 0x000000008e100000| Untracked 
|  86|0x000000008e200000, 0x000000008e200000, 0x000000008e300000|  0%| F|  |TAMS 0x000000008e200000, 0x000000008e200000| Untracked 
|  87|0x000000008e300000, 0x000000008e300000, 0x000000008e400000|  0%| F|  |TAMS 0x000000008e300000, 0x000000008e300000| Untracked 
|  88|0x000000008e400000, 0x000000008e400000, 0x000000008e500000|  0%| F|  |TAMS 0x000000008e400000, 0x000000008e400000| Untracked 
|  89|0x000000008e500000, 0x000000008e500000, 0x000000008e600000|  0%| F|  |TAMS 0x000000008e500000, 0x000000008e500000| Untracked 
|  90|0x000000008e600000, 0x000000008e600000, 0x000000008e700000|  0%| F|  |TAMS 0x000000008e600000, 0x000000008e600000| Untracked 
|  91|0x000000008e700000, 0x000000008e700000, 0x000000008e800000|  0%| F|  |TAMS 0x000000008e700000, 0x000000008e700000| Untracked 
|  92|0x000000008e800000, 0x000000008e800000, 0x000000008e900000|  0%| F|  |TAMS 0x000000008e800000, 0x000000008e800000| Untracked 
|  93|0x000000008e900000, 0x000000008e900000, 0x000000008ea00000|  0%| F|  |TAMS 0x000000008e900000, 0x000000008e900000| Untracked 
|  94|0x000000008ea00000, 0x000000008ea00000, 0x000000008eb00000|  0%| F|  |TAMS 0x000000008ea00000, 0x000000008ea00000| Untracked 
|  95|0x000000008eb00000, 0x000000008eb00000, 0x000000008ec00000|  0%| F|  |TAMS 0x000000008eb00000, 0x000000008eb00000| Untracked 
|  96|0x000000008ec00000, 0x000000008ec00000, 0x000000008ed00000|  0%| F|  |TAMS 0x000000008ec00000, 0x000000008ec00000| Untracked 
|  97|0x000000008ed00000, 0x000000008ed00000, 0x000000008ee00000|  0%| F|  |TAMS 0x000000008ed00000, 0x000000008ed00000| Untracked 
|  98|0x000000008ee00000, 0x000000008ee00000, 0x000000008ef00000|  0%| F|  |TAMS 0x000000008ee00000, 0x000000008ee00000| Untracked 
|  99|0x000000008ef00000, 0x000000008ef00000, 0x000000008f000000|  0%| F|  |TAMS 0x000000008ef00000, 0x000000008ef00000| Untracked 
| 100|0x000000008f000000, 0x000000008f000000, 0x000000008f100000|  0%| F|  |TAMS 0x000000008f000000, 0x000000008f000000| Untracked 
| 101|0x000000008f100000, 0x000000008f100000, 0x000000008f200000|  0%| F|  |TAMS 0x000000008f100000, 0x000000008f100000| Untracked 
| 102|0x000000008f200000, 0x000000008f200000, 0x000000008f300000|  0%| F|  |TAMS 0x000000008f200000, 0x000000008f200000| Untracked 
| 103|0x000000008f300000, 0x000000008f300000, 0x000000008f400000|  0%| F|  |TAMS 0x000000008f300000, 0x000000008f300000| Untracked 
| 104|0x000000008f400000, 0x000000008f400000, 0x000000008f500000|  0%| F|  |TAMS 0x000000008f400000, 0x000000008f400000| Untracked 
| 105|0x000000008f500000, 0x000000008f500000, 0x000000008f600000|  0%| F|  |TAMS 0x000000008f500000, 0x000000008f500000| Untracked 
| 106|0x000000008f600000, 0x000000008f600000, 0x000000008f700000|  0%| F|  |TAMS 0x000000008f600000, 0x000000008f600000| Untracked 
| 107|0x000000008f700000, 0x000000008f700000, 0x000000008f800000|  0%| F|  |TAMS 0x000000008f700000, 0x000000008f700000| Untracked 
| 108|0x000000008f800000, 0x000000008f800000, 0x000000008f900000|  0%| F|  |TAMS 0x000000008f800000, 0x000000008f800000| Untracked 
| 109|0x000000008f900000, 0x000000008f900000, 0x000000008fa00000|  0%| F|  |TAMS 0x000000008f900000, 0x000000008f900000| Untracked 
| 110|0x000000008fa00000, 0x000000008fa00000, 0x000000008fb00000|  0%| F|  |TAMS 0x000000008fa00000, 0x000000008fa00000| Untracked 
| 111|0x000000008fb00000, 0x000000008fb00000, 0x000000008fc00000|  0%| F|  |TAMS 0x000000008fb00000, 0x000000008fb00000| Untracked 
| 112|0x000000008fc00000, 0x000000008fc00000, 0x000000008fd00000|  0%| F|  |TAMS 0x000000008fc00000, 0x000000008fc00000| Untracked 
| 113|0x000000008fd00000, 0x000000008fd7ade8, 0x000000008fe00000| 47%| E|  |TAMS 0x000000008fd00000, 0x000000008fd00000| Complete 
| 114|0x000000008fe00000, 0x000000008ff00000, 0x000000008ff00000|100%| E|CS|TAMS 0x000000008fe00000, 0x000000008fe00000| Complete 
| 115|0x000000008ff00000, 0x0000000090000000, 0x0000000090000000|100%| E|CS|TAMS 0x000000008ff00000, 0x000000008ff00000| Complete 
| 116|0x0000000090000000, 0x0000000090100000, 0x0000000090100000|100%| E|CS|TAMS 0x0000000090000000, 0x0000000090000000| Complete 
| 117|0x0000000090100000, 0x0000000090200000, 0x0000000090200000|100%| E|CS|TAMS 0x0000000090100000, 0x0000000090100000| Complete 
| 118|0x0000000090200000, 0x0000000090300000, 0x0000000090300000|100%| E|CS|TAMS 0x0000000090200000, 0x0000000090200000| Complete 
| 119|0x0000000090300000, 0x0000000090400000, 0x0000000090400000|100%| E|CS|TAMS 0x0000000090300000, 0x0000000090300000| Complete 

Card table byte_map: [0x00000185b05c0000,0x00000185b0980000] _byte_map_base: 0x00000185b017a000

Marking Bits (Prev, Next): (CMBitMap*) 0x000001859b5e3d00, (CMBitMap*) 0x000001859b5e3d40
 Prev Bits: [0x00000185b0d40000, 0x00000185b2b10000)
 Next Bits: [0x00000185b2b10000, 0x00000185b48e0000)

Polling page: 0x000001859b680000

Metaspace:

Usage:
  Non-class:      9.18 MB capacity,     9.13 MB (>99%) used,    40.29 KB ( <1%) free+waste,     6.44 KB ( <1%) overhead. 
      Class:    921.00 KB capacity,   880.95 KB ( 96%) used,    38.05 KB (  4%) free+waste,     2.00 KB ( <1%) overhead. 
       Both:     10.08 MB capacity,     9.99 MB (>99%) used,    78.34 KB ( <1%) free+waste,     8.44 KB ( <1%) overhead. 

Virtual space:
  Non-class space:       10.00 MB reserved,       9.25 MB ( 92%) committed 
      Class space:        1.00 GB reserved,       1.00 MB ( <1%) committed 
             Both:        1.01 GB reserved,      10.25 MB ( <1%) committed 

Chunk freelists:
   Non-Class:  11.00 KB
       Class:  7.00 KB
        Both:  18.00 KB

MaxMetaspaceSize: 17179869184.00 GB
CompressedClassSpaceSize: 1.00 GB

CodeHeap 'non-profiled nmethods': size=120000Kb used=147Kb max_used=147Kb free=119852Kb
 bounds [0x00000185a8260000, 0x00000185a84d0000, 0x00000185af790000]
CodeHeap 'profiled nmethods': size=120000Kb used=648Kb max_used=648Kb free=119351Kb
 bounds [0x00000185a0d30000, 0x00000185a0fa0000, 0x00000185a8260000]
CodeHeap 'non-nmethods': size=5760Kb used=1232Kb max_used=1246Kb free=4527Kb
 bounds [0x00000185a0790000, 0x00000185a0a00000, 0x00000185a0d30000]
 total_blobs=888 nmethods=490 adapters=311
 compilation: enabled
              stopped_count=0, restarted_count=0
 full_count=0

Compilation events (20 events):
Event: 0.428 Thread 0x00000185b7c4bd50  479       3       java.util.regex.Pattern::has (15 bytes)
Event: 0.428 Thread 0x00000185b7c4bd50 nmethod 479 0x00000185a0dd0110 code [0x00000185a0dd02a0, 0x00000185a0dd03f8]
Event: 0.428 Thread 0x00000185b7c4bd50  485       3       java.util.regex.Pattern::peek (26 bytes)
Event: 0.428 Thread 0x00000185b7c4bd50 nmethod 485 0x00000185a0dd0490 code [0x00000185a0dd0640, 0x00000185a0dd08c8]
Event: 0.428 Thread 0x00000185b7c4bd50  482       1       java.lang.invoke.MethodTypeForm::parameterSlotCount (5 bytes)
Event: 0.428 Thread 0x00000185b7c4bd50 nmethod 482 0x00000185a8284910 code [0x00000185a8284aa0, 0x00000185a8284b58]
Event: 0.428 Thread 0x00000185b7c4bd50  486       3       java.util.regex.Pattern::next (33 bytes)
Event: 0.428 Thread 0x00000185b7c4bd50 nmethod 486 0x00000185a0dd0a10 code [0x00000185a0dd0bc0, 0x00000185a0dd0e48]
Event: 0.428 Thread 0x00000185b7c4bd50  481       3       jdk.internal.org.objectweb.asm.Handler::getExceptionTableLength (21 bytes)
Event: 0.429 Thread 0x00000185b7c4bd50 nmethod 481 0x00000185a0dd0f90 code [0x00000185a0dd1120, 0x00000185a0dd12b8]
Event: 0.429 Thread 0x00000185b7c4bd50  487       3       java.util.regex.ASCII::isAscii (13 bytes)
Event: 0.429 Thread 0x00000185b7c4bd50 nmethod 487 0x00000185a0dd1390 code [0x00000185a0dd1520, 0x00000185a0dd1658]
Event: 0.429 Thread 0x00000185b7c4bd50  488       1       java.nio.Buffer::position (5 bytes)
Event: 0.429 Thread 0x00000185b7c4bd50 nmethod 488 0x00000185a8284c10 code [0x00000185a8284da0, 0x00000185a8284e58]
Event: 12.191 Thread 0x00000185b7c4bd50  489       3       java.lang.Character::isWhitespace (9 bytes)
Event: 12.191 Thread 0x00000185b7c4bd50 nmethod 489 0x00000185a0dd1710 code [0x00000185a0dd18c0, 0x00000185a0dd1a98]
Event: 80.460 Thread 0x00000185b7c4bd50  490       3       org.eclipse.jdt.launching.internal.org.objectweb.asm.ClassReader::readUTF8 (23 bytes)
Event: 80.460 Thread 0x00000185b7c4acb0  491       4       org.eclipse.jdt.launching.internal.org.objectweb.asm.ClassReader::readUnsignedShort (26 bytes)
Event: 80.460 Thread 0x00000185b7c4bd50 nmethod 490 0x00000185a0dd1b90 code [0x00000185a0dd1d40, 0x00000185a0dd1f78]
Event: 80.463 Thread 0x00000185b7c4acb0 


GC Heap History (0 events):
No events

Deoptimization events (20 events):
Event: 0.376 Thread 0x000001859b5a8ad0 DEOPT PACKING pc=0x00000185a0da25e1 sp=0x000000187f9fbbe0
Event: 0.376 Thread 0x000001859b5a8ad0 DEOPT UNPACKING pc=0x00000185a07de23f sp=0x000000187f9fb0a8 mode 0
Event: 0.376 Thread 0x000001859b5a8ad0 DEOPT PACKING pc=0x00000185a0da25e1 sp=0x000000187f9fbbe0
Event: 0.376 Thread 0x000001859b5a8ad0 DEOPT UNPACKING pc=0x00000185a07de23f sp=0x000000187f9fb0a8 mode 0
Event: 0.378 Thread 0x000001859b5a8ad0 DEOPT PACKING pc=0x00000185a0da25e1 sp=0x000000187f9f8080
Event: 0.378 Thread 0x000001859b5a8ad0 DEOPT UNPACKING pc=0x00000185a07de23f sp=0x000000187f9f7548 mode 0
Event: 0.379 Thread 0x000001859b5a8ad0 DEOPT PACKING pc=0x00000185a0da25e1 sp=0x000000187f9fbb10
Event: 0.379 Thread 0x000001859b5a8ad0 DEOPT UNPACKING pc=0x00000185a07de23f sp=0x000000187f9fafd8 mode 0
Event: 0.416 Thread 0x000001859b5a8ad0 Uncommon trap: trap_request=0xffffff45 fr.pc=0x00000185a826916c relative=0x000000000000024c
Event: 0.416 Thread 0x000001859b5a8ad0 Uncommon trap: reason=unstable_if action=reinterpret pc=0x00000185a826916c method=java.lang.String.isLatin1()Z @ 10 c2
Event: 0.416 Thread 0x000001859b5a8ad0 DEOPT PACKING pc=0x00000185a826916c sp=0x000000187f9fcb50
Event: 0.416 Thread 0x000001859b5a8ad0 DEOPT UNPACKING pc=0x00000185a07de42f sp=0x000000187f9fca90 mode 2
Event: 0.416 Thread 0x000001859b5a8ad0 Uncommon trap: trap_request=0xffffff45 fr.pc=0x00000185a826a25c relative=0x000000000000005c
Event: 0.416 Thread 0x000001859b5a8ad0 Uncommon trap: reason=unstable_if action=reinterpret pc=0x00000185a826a25c method=java.lang.String.isLatin1()Z @ 10 c2
Event: 0.416 Thread 0x000001859b5a8ad0 DEOPT PACKING pc=0x00000185a826a25c sp=0x000000187f9fcae0
Event: 0.416 Thread 0x000001859b5a8ad0 DEOPT UNPACKING pc=0x00000185a07de42f sp=0x000000187f9fca80 mode 2
Event: 0.422 Thread 0x000001859b5a8ad0 Uncommon trap: trap_request=0xffffff45 fr.pc=0x00000185a8272dc4 relative=0x0000000000000044
Event: 0.422 Thread 0x000001859b5a8ad0 Uncommon trap: reason=unstable_if action=reinterpret pc=0x00000185a8272dc4 method=java.lang.CharacterData.of(I)Ljava/lang/CharacterData; @ 4 c2
Event: 0.422 Thread 0x000001859b5a8ad0 DEOPT PACKING pc=0x00000185a8272dc4 sp=0x000000187f9fe9c0
Event: 0.422 Thread 0x000001859b5a8ad0 DEOPT UNPACKING pc=0x00000185a07de42f sp=0x000000187f9fe960 mode 2

Classes unloaded (0 events):
No events

Classes redefined (2 events):
Event: 80.461 Thread 0x00000185b7bfd0b0 redefined class name=com.ujianbatch8.ahmadyakup.MenggambarDenganJava, count=1
Event: 119.787 Thread 0x00000185b7bfd0b0 redefined class name=com.ujianbatch8.ahmadyakup.MenggambarDenganJava, count=2

Internal exceptions (3 events):
Event: 0.249 Thread 0x000001859b5a8ad0 Exception <a 'java/lang/NoSuchMethodError'{0x0000000090125e40}: 'void java.lang.invoke.DirectMethodHandle$Holder.invokeStatic(java.lang.Object, java.lang.Object)'> (0x0000000090125e40) 
thrown [./open/src/hotspot/share/interpreter/linkResolver.cpp, line 782]
Event: 0.250 Thread 0x000001859b5a8ad0 Exception <a 'java/lang/NoSuchMethodError'{0x0000000090129ae8}: 'void java.lang.invoke.DirectMethodHandle$Holder.invokeStaticInit(java.lang.Object, java.lang.Object)'> (0x0000000090129ae8) 
thrown [./open/src/hotspot/share/interpreter/linkResolver.cpp, line 782]
Event: 0.344 Thread 0x000001859b5a8ad0 Exception <a 'java/lang/NoSuchMethodError'{0x000000008ff0a470}: 'java.lang.Object java.lang.invoke.DirectMethodHandle$Holder.invokeStatic(java.lang.Object)'> (0x000000008ff0a470) 
thrown [./open/src/hotspot/share/interpreter/linkResolver.cpp, line 782]

Events (20 events):
Event: 171.675 Executing VM operation: GetFrameCount
Event: 171.675 Executing VM operation: GetFrameCount done
Event: 171.678 Executing VM operation: GetFrameCount
Event: 171.678 Executing VM operation: GetFrameCount done
Event: 171.678 Executing VM operation: GetStackTrace
Event: 171.678 Executing VM operation: GetStackTrace done
Event: 171.678 Executing VM operation: GetFrameCount
Event: 171.678 Executing VM operation: GetFrameCount done
Event: 171.956 Executing VM operation: GetFrameCount
Event: 171.956 Executing VM operation: GetFrameCount done
Event: 171.956 Executing VM operation: SetFramePop
Event: 171.956 Executing VM operation: SetFramePop done
Event: 171.956 Executing VM operation: GetFrameLocation
Event: 171.956 Executing VM operation: GetFrameLocation done
Event: 171.956 Executing VM operation: GetCurrentLocation
Event: 171.957 Executing VM operation: GetCurrentLocation done
Event: 171.957 Executing VM operation: ChangeSingleStep
Event: 171.957 Executing VM operation: ChangeSingleStep done
Event: 171.957 Executing VM operation: GetFrameLocation
Event: 171.957 Executing VM operation: GetFrameLocation done


Dynamic libraries:
0x00007ff681730000 - 0x00007ff68173d000 	C:\Users\AHMAD YAKUP\.p2\pool\plugins\org.eclipse.justj.openjdk.hotspot.jre.full.win32.x86_64_15.0.2.v20210201-0955\jre\bin\javaw.exe
0x00007ffac5ab0000 - 0x00007ffac5ca5000 	C:\Windows\SYSTEM32\ntdll.dll
0x00007ffac52b0000 - 0x00007ffac536d000 	C:\Windows\System32\KERNEL32.DLL
0x00007ffac3670000 - 0x00007ffac3939000 	C:\Windows\System32\KERNELBASE.dll
0x00007ffac3570000 - 0x00007ffac3670000 	C:\Windows\System32\ucrtbase.dll
0x00007ffab7910000 - 0x00007ffab7928000 	C:\Users\AHMAD YAKUP\.p2\pool\plugins\org.eclipse.justj.openjdk.hotspot.jre.full.win32.x86_64_15.0.2.v20210201-0955\jre\bin\jli.dll
0x00007ffab5660000 - 0x00007ffab5679000 	C:\Users\AHMAD YAKUP\.p2\pool\plugins\org.eclipse.justj.openjdk.hotspot.jre.full.win32.x86_64_15.0.2.v20210201-0955\jre\bin\VCRUNTIME140.dll
0x00007ffac5770000 - 0x00007ffac5910000 	C:\Windows\System32\USER32.dll
0x00007ffac3540000 - 0x00007ffac3562000 	C:\Windows\System32\win32u.dll
0x00007ffac2610000 - 0x00007ffac28aa000 	C:\Windows\WinSxS\amd64_microsoft.windows.common-controls_6595b64144ccf1df_6.0.19041.844_none_ca00b6081b84eb1d\COMCTL32.dll
0x00007ffac5a40000 - 0x00007ffac5a6a000 	C:\Windows\System32\GDI32.dll
0x00007ffac54a0000 - 0x00007ffac553e000 	C:\Windows\System32\msvcrt.dll
0x00007ffac31f0000 - 0x00007ffac32fb000 	C:\Windows\System32\gdi32full.dll
0x00007ffac3a70000 - 0x00007ffac3b0d000 	C:\Windows\System32\msvcp_win.dll
0x00007ffac3c90000 - 0x00007ffac3cc0000 	C:\Windows\System32\IMM32.DLL
0x00007ffab7970000 - 0x00007ffab797c000 	C:\Users\AHMAD YAKUP\.p2\pool\plugins\org.eclipse.justj.openjdk.hotspot.jre.full.win32.x86_64_15.0.2.v20210201-0955\jre\bin\vcruntime140_1.dll
0x00007ffa93180000 - 0x00007ffa93211000 	C:\Users\AHMAD YAKUP\.p2\pool\plugins\org.eclipse.justj.openjdk.hotspot.jre.full.win32.x86_64_15.0.2.v20210201-0955\jre\bin\msvcp140.dll
0x00007ffa8a8d0000 - 0x00007ffa8b42e000 	C:\Users\AHMAD YAKUP\.p2\pool\plugins\org.eclipse.justj.openjdk.hotspot.jre.full.win32.x86_64_15.0.2.v20210201-0955\jre\bin\server\jvm.dll
0x00007ffac45f0000 - 0x00007ffac469c000 	C:\Windows\System32\ADVAPI32.dll
0x00007ffac4ea0000 - 0x00007ffac4f3c000 	C:\Windows\System32\sechost.dll
0x00007ffac46a0000 - 0x00007ffac47cb000 	C:\Windows\System32\RPCRT4.dll
0x00007ffac5760000 - 0x00007ffac5768000 	C:\Windows\System32\PSAPI.DLL
0x00007ffab7c20000 - 0x00007ffab7c29000 	C:\Windows\SYSTEM32\WSOCK32.dll
0x00007ffab0a00000 - 0x00007ffab0a27000 	C:\Windows\SYSTEM32\WINMM.dll
0x00007ffac0d30000 - 0x00007ffac0d3a000 	C:\Windows\SYSTEM32\VERSION.dll
0x00007ffac5630000 - 0x00007ffac569b000 	C:\Windows\System32\WS2_32.dll
0x00007ffac0360000 - 0x00007ffac0372000 	C:\Windows\SYSTEM32\kernel.appcore.dll
0x00007ffac1650000 - 0x00007ffac165a000 	C:\Users\AHMAD YAKUP\.p2\pool\plugins\org.eclipse.justj.openjdk.hotspot.jre.full.win32.x86_64_15.0.2.v20210201-0955\jre\bin\jimage.dll
0x00007ffac2ba0000 - 0x00007ffac2d84000 	C:\Windows\SYSTEM32\DBGHELP.DLL
0x00007ffac2b70000 - 0x00007ffac2b9c000 	C:\Windows\SYSTEM32\dbgcore.DLL
0x00007ffac39f0000 - 0x00007ffac3a70000 	C:\Windows\System32\bcryptPrimitives.dll
0x00007ffaaf670000 - 0x00007ffaaf6a9000 	C:\Users\AHMAD YAKUP\.p2\pool\plugins\org.eclipse.justj.openjdk.hotspot.jre.full.win32.x86_64_15.0.2.v20210201-0955\jre\bin\jdwp.dll
0x00007ffab73d0000 - 0x00007ffab73de000 	C:\Users\AHMAD YAKUP\.p2\pool\plugins\org.eclipse.justj.openjdk.hotspot.jre.full.win32.x86_64_15.0.2.v20210201-0955\jre\bin\instrument.dll
0x00007ffab7580000 - 0x00007ffab75a5000 	C:\Users\AHMAD YAKUP\.p2\pool\plugins\org.eclipse.justj.openjdk.hotspot.jre.full.win32.x86_64_15.0.2.v20210201-0955\jre\bin\java.dll
0x00007ffab78b0000 - 0x00007ffab78c8000 	C:\Users\AHMAD YAKUP\.p2\pool\plugins\org.eclipse.justj.openjdk.hotspot.jre.full.win32.x86_64_15.0.2.v20210201-0955\jre\bin\zip.dll
0x00007ffac3d20000 - 0x00007ffac4462000 	C:\Windows\System32\SHELL32.dll
0x00007ffac0560000 - 0x00007ffac0cf0000 	C:\Windows\SYSTEM32\windows.storage.dll
0x00007ffac4f40000 - 0x00007ffac5295000 	C:\Windows\System32\combase.dll
0x00007ffac2570000 - 0x00007ffac259c000 	C:\Windows\SYSTEM32\Wldp.dll
0x00007ffac5990000 - 0x00007ffac5a3e000 	C:\Windows\System32\SHCORE.dll
0x00007ffac56a0000 - 0x00007ffac56f5000 	C:\Windows\System32\shlwapi.dll
0x00007ffac3130000 - 0x00007ffac314f000 	C:\Windows\SYSTEM32\profapi.dll
0x00007ffab7310000 - 0x00007ffab731b000 	C:\Users\AHMAD YAKUP\.p2\pool\plugins\org.eclipse.justj.openjdk.hotspot.jre.full.win32.x86_64_15.0.2.v20210201-0955\jre\bin\dt_socket.dll
0x00007ffac1ff0000 - 0x00007ffac202b000 	C:\Windows\SYSTEM32\IPHLPAPI.DLL
0x00007ffaaac00000 - 0x00007ffaaac20000 	C:\Windows\system32\PrxerDrv.dll
0x00007ffac2270000 - 0x00007ffac22da000 	C:\Windows\system32\mswsock.dll
0x00007ffaadc60000 - 0x00007ffaadc7b000 	C:\Windows\system32\PrxerNsp.dll
0x00007ffac2030000 - 0x00007ffac20fb000 	C:\Windows\SYSTEM32\DNSAPI.dll
0x00007ffac5540000 - 0x00007ffac5548000 	C:\Windows\System32\NSI.dll
0x00007ffab9030000 - 0x00007ffab903a000 	C:\Windows\System32\rasadhlp.dll
0x00007ffaba260000 - 0x00007ffaba2df000 	C:\Windows\System32\fwpuclnt.dll
0x00007ffac3300000 - 0x00007ffac3327000 	C:\Windows\System32\bcrypt.dll
0x00007ffab7560000 - 0x00007ffab7579000 	C:\Users\AHMAD YAKUP\.p2\pool\plugins\org.eclipse.justj.openjdk.hotspot.jre.full.win32.x86_64_15.0.2.v20210201-0955\jre\bin\net.dll
0x00007ffab56e0000 - 0x00007ffab57ec000 	C:\Windows\SYSTEM32\WINHTTP.dll
0x00007ffab7540000 - 0x00007ffab7552000 	C:\Users\AHMAD YAKUP\.p2\pool\plugins\org.eclipse.justj.openjdk.hotspot.jre.full.win32.x86_64_15.0.2.v20210201-0955\jre\bin\nio.dll
0x00007ffabf750000 - 0x00007ffabf760000 	C:\Users\AHMAD YAKUP\.p2\pool\plugins\org.eclipse.justj.openjdk.hotspot.jre.full.win32.x86_64_15.0.2.v20210201-0955\jre\bin\verify.dll

dbghelp: loaded successfully - version: 4.0.5 - missing functions: none
symbol engine: initialized successfully - sym options: 0x614 - pdb path: .;C:\Users\AHMAD YAKUP\.p2\pool\plugins\org.eclipse.justj.openjdk.hotspot.jre.full.win32.x86_64_15.0.2.v20210201-0955\jre\bin;C:\Windows\SYSTEM32;C:\Windows\WinSxS\amd64_microsoft.windows.common-controls_6595b64144ccf1df_6.0.19041.844_none_ca00b6081b84eb1d;C:\Users\AHMAD YAKUP\.p2\pool\plugins\org.eclipse.justj.openjdk.hotspot.jre.full.win32.x86_64_15.0.2.v20210201-0955\jre\bin\server

VM Arguments:
jvm_args: -XX:+ShowCodeDetailsInExceptionMessages -agentlib:jdwp=transport=dt_socket,suspend=y,address=localhost:53384 -javaagent:C:\Users\AHMAD YAKUP\eclipse\jee-2020-12\eclipse\configuration\org.eclipse.osgi\405\0\.cp\lib\javaagent-shaded.jar -Dfile.encoding=Cp1252 
java_command: com.ujianbatch8.ahmadyakup.MenggambarDenganJava
java_class_path (initial): C:\Users\AHMAD YAKUP\eclipse-workspace\latihan2\bin
Launcher Type: SUN_STANDARD

[Global flags]
     intx CICompilerCount                          = 4                                         {product} {ergonomic}
     uint ConcGCThreads                            = 2                                         {product} {ergonomic}
     uint G1ConcRefinementThreads                  = 8                                         {product} {ergonomic}
   size_t G1HeapRegionSize                         = 1048576                                   {product} {ergonomic}
    uintx GCDrainStackTargetSize                   = 64                                        {product} {ergonomic}
   size_t InitialHeapSize                          = 125829120                                 {product} {ergonomic}
   size_t MarkStackSize                            = 4194304                                   {product} {ergonomic}
   size_t MaxHeapSize                              = 2000683008                                {product} {ergonomic}
   size_t MaxNewSize                               = 1199570944                                {product} {ergonomic}
   size_t MinHeapDeltaBytes                        = 1048576                                   {product} {ergonomic}
   size_t MinHeapSize                              = 8388608                                   {product} {ergonomic}
    uintx NonNMethodCodeHeapSize                   = 5839372                                {pd product} {ergonomic}
    uintx NonProfiledCodeHeapSize                  = 122909434                              {pd product} {ergonomic}
    uintx ProfiledCodeHeapSize                     = 122909434                              {pd product} {ergonomic}
    uintx ReservedCodeCacheSize                    = 251658240                              {pd product} {ergonomic}
     bool SegmentedCodeCache                       = true                                      {product} {ergonomic}
     bool ShowCodeDetailsInExceptionMessages       = true                                   {manageable} {command line}
   size_t SoftMaxHeapSize                          = 2000683008                             {manageable} {ergonomic}
     bool UseCompressedClassPointers               = true                                 {lp64_product} {ergonomic}
     bool UseCompressedOops                        = true                                 {lp64_product} {ergonomic}
     bool UseG1GC                                  = true                                      {product} {ergonomic}
     bool UseLargePagesIndividualAllocation        = false                                  {pd product} {ergonomic}

Logging:
Log output configuration:
 #0: stdout all=warning uptime,level,tags
 #1: stderr all=off uptime,level,tags

Environment Variables:
PATH=C:\Users\AHMAD YAKUP\.p2\pool\plugins\org.eclipse.justj.openjdk.hotspot.jre.full.win32.x86_64_15.0.2.v20210201-0955\jre\bin;C:/Users/AHMAD YAKUP/.p2/pool/plugins/org.eclipse.justj.openjdk.hotspot.jre.full.win32.x86_64_15.0.2.v20210201-0955/jre/bin/server;C:/Users/AHMAD YAKUP/.p2/pool/plugins/org.eclipse.justj.openjdk.hotspot.jre.full.win32.x86_64_15.0.2.v20210201-0955/jre/bin;C:\Program Files (x86)\Common Files\Oracle\Java\javapath;C:\Windows\system32;C:\Windows;C:\Windows\System32\Wbem;C:\Windows\System32\WindowsPowerShell\v1.0\;C:\Windows\System32\OpenSSH\;C:\Program Files (x86)\NVIDIA Corporation\PhysX\Common;C:\Program Files\nodejs\;C:\Program Files\Git\cmd;C:\Program Files\NVIDIA Corporation\NVIDIA NvDLISR;C:\Users\AHMAD YAKUP\AppData\Local\Microsoft\WindowsApps;;C:\Users\AHMAD YAKUP\AppData\Local\Programs\Microsoft VS Code\bin;C:\Users\AHMAD YAKUP\AppData\Roaming\npm;C:\Users\AHMAD YAKUP\Desktop;
USERNAME=AHMAD YAKUP
OS=Windows_NT
PROCESSOR_IDENTIFIER=Intel64 Family 6 Model 60 Stepping 3, GenuineIntel



---------------  S Y S T E M  ---------------

OS:
 Windows 10 , 64 bit Build 19041 (10.0.19041.804)
OS uptime: 1 days 15:40 hours

CPU: total 8 (initial active 8) (4 cores per cpu, 2 threads per core) family 6 model 60 stepping 3 microcode 0x27, cmov, cx8, fxsr, mmx, sse, sse2, sse3, ssse3, sse4.1, sse4.2, popcnt, vzeroupper, avx, avx2, aes, clmul, erms, lzcnt, ht, tsc, tscinvbit, bmi1, bmi2, fma, clflush

Memory: 4k page, system-wide physical 7625M (3687M free)
TotalPageFile size 8841M (AvailPageFile size 1068M)
current process WorkingSet (physical memory assigned to process): 47M, peak: 49M
current process commit charge ("private bytes"): 204M, peak: 205M

vm_info: OpenJDK 64-Bit Server VM (15.0.2+7-27) for windows-amd64 JRE (15.0.2+7-27), built on Dec  7 2020 20:02:38 by "mach5one" with unknown MS VC++:1925

END.
